android/proguard.cfg
#
# Proguard config for the demo project.
#
# Author: zdwang@google.com (David Wang)
#

# Standard config from ADT

-dontpreverify
-flattenpackagehierarchy
-optimizationpasses 5
-dontusemixedcaseclassnames
-dontskipnonpubliclibraryclasses
-verbose

-optimizations !code/simplification/arithmetic,!field/*,!class/merging/*

-keep public class * extends android.app.Activity
-keep public class * extends android.app.Application
-keep public class * extends android.app.Service
-keep public class * extends android.content.BroadcastReceiver
-keep public class * extends android.content.ContentProvider
-keep public class * extends android.app.backup.BackupAgentHelper
-keep public class * extends android.preference.Preference
-keep public class com.android.vending.licensing.ILicensingService

-keepclasseswithmembernames class * {
    native <methods>;
}

-keepclasseswithmembers class * {
    public <init>(android.content.Context, android.util.AttributeSet);
}

-keepclasseswithmembers class * {
    public <init>(android.content.Context, android.util.AttributeSet, int);
}

-keepclassmembers class * extends android.app.Activity {
   public void *(android.view.View);
}

-keepclassmembers enum * {
    public static **[] values();
    public static ** valueOf(java.lang.String);
}

-keep class * implements android.os.Parcelable {
  public static final android.os.Parcelable$Creator *;
}

# Additional ones needed for Maps API library.
-keepclassmembers class * implements java.io.Serializable { private static final long serialVersionUID; }
-keep public class com.google.googlenav.capabilities.CapabilitiesController*

# Additional config needed for Guava
-keep public interface com.google.common.base.FinalizableReference { void finalizeReferent(); }
# Missing annotations are harmless.
-dontwarn sun.misc.Unsafe
-dontwarn javax.annotation.**
# Ignore invalid constant ref.  See
# https://groups.google.com/d/topic/guava-discuss/YCZzeCiIVoI/discussion
-dontwarn com.google.common.collect.MinMaxPriorityQueue

# As described in tools/proguard/examples/android.pro - ignore all warnings.
-dontwarn android.support.v4.**
-dontwarn com.google.android.gms.**