android/proguard/seeds.txt
com.socmaps.ui.AccountSettingsActivity
com.socmaps.ui.AccountSettingsActivity: AccountSettingsActivity()
com.socmaps.ui.AccountSettingsActivity: void onClick(android.view.View)
com.socmaps.ui.BetaLoginActivity
com.socmaps.ui.BetaLoginActivity: BetaLoginActivity()
com.socmaps.ui.BetaLoginActivity: void onClick(android.view.View)
com.socmaps.ui.DirectionActivity
com.socmaps.ui.DirectionActivity: DirectionActivity()
com.socmaps.ui.DirectionActivity: void onClick(android.view.View)
com.socmaps.ui.EventDetailsActivity
com.socmaps.ui.EventDetailsActivity: EventDetailsActivity()
com.socmaps.ui.EventDetailsActivity: void onClick(android.view.View)
com.socmaps.ui.EventEditActivity
com.socmaps.ui.EventEditActivity: EventEditActivity()
com.socmaps.ui.EventListActivity
com.socmaps.ui.EventListActivity: EventListActivity()
com.socmaps.ui.EventListActivity: void onClick(android.view.View)
com.socmaps.ui.EventListActivityOther
com.socmaps.ui.EventListActivityOther: EventListActivityOther()
com.socmaps.ui.EventListActivityOther: void onClick(android.view.View)
com.socmaps.ui.EventNewActivity
com.socmaps.ui.EventNewActivity: EventNewActivity()
com.socmaps.ui.FriendListActivity
com.socmaps.ui.FriendListActivity: FriendListActivity()
com.socmaps.ui.FriendListActivity: void onClick(android.view.View)
com.socmaps.ui.FriendListActivity$SelectedTab: com.socmaps.ui.FriendListActivity$SelectedTab[] values()
com.socmaps.ui.FriendListActivity$SelectedTab: com.socmaps.ui.FriendListActivity$SelectedTab valueOf(java.lang.String)
com.socmaps.ui.FriendRequestNotificationActivity
com.socmaps.ui.FriendRequestNotificationActivity: FriendRequestNotificationActivity()
com.socmaps.ui.GCMIntentService
com.socmaps.ui.GCMIntentService: GCMIntentService()
com.socmaps.ui.GeoTagActivity
com.socmaps.ui.GeoTagActivity: GeoTagActivity()
com.socmaps.ui.HomeActivity
com.socmaps.ui.HomeActivity: HomeActivity()
com.socmaps.ui.HomeActivity: void onClick(android.view.View)
com.socmaps.ui.InformationSharingSettingsActivity
com.socmaps.ui.InformationSharingSettingsActivity: InformationSharingSettingsActivity()
com.socmaps.ui.InformationSharingSettingsActivity: void onClick(android.view.View)
com.socmaps.ui.LayerPreferencesActivity
com.socmaps.ui.LayerPreferencesActivity: LayerPreferencesActivity()
com.socmaps.ui.LayerPreferencesActivity: void onClick(android.view.View)
com.socmaps.ui.ListViewActivity
com.socmaps.ui.ListViewActivity: ListViewActivity()
com.socmaps.ui.ListViewActivity: void onClick(android.view.View)
com.socmaps.ui.LocationSharingSettingsActivity
com.socmaps.ui.LocationSharingSettingsActivity: LocationSharingSettingsActivity()
com.socmaps.ui.LocationSharingSettingsActivity: void onClick(android.view.View)
com.socmaps.ui.LoginActivity
com.socmaps.ui.LoginActivity: LoginActivity()
com.socmaps.ui.MeetupRequestListActivity
com.socmaps.ui.MeetupRequestListActivity: MeetupRequestListActivity()
com.socmaps.ui.MeetupRequestNewActivity
com.socmaps.ui.MeetupRequestNewActivity: MeetupRequestNewActivity()
com.socmaps.ui.MessageActivity
com.socmaps.ui.MessageActivity: MessageActivity()
com.socmaps.ui.MessageComposeActivity
com.socmaps.ui.MessageComposeActivity: MessageComposeActivity()
com.socmaps.ui.MessageConversationActivity
com.socmaps.ui.MessageConversationActivity: MessageConversationActivity()
com.socmaps.ui.MessageConversationFromNotificationActivity
com.socmaps.ui.MessageConversationFromNotificationActivity: MessageConversationFromNotificationActivity()
com.socmaps.ui.MessageGroupActivity
com.socmaps.ui.MessageGroupActivity: MessageGroupActivity()
com.socmaps.ui.MessageListActivity
com.socmaps.ui.MessageListActivity: MessageListActivity()
com.socmaps.ui.MessageNotificationActivity
com.socmaps.ui.MessageNotificationActivity: MessageNotificationActivity()
com.socmaps.ui.NewsFeedActivity
com.socmaps.ui.NewsFeedActivity: NewsFeedActivity()
com.socmaps.ui.NewsFeedActivity: void onClick(android.view.View)
...
android.support.v4.app.BackStackState
android.support.v4.app.BackStackState: android.os.Parcelable$Creator CREATOR
android.support.v4.app.Fragment: Fragment()
android.support.v4.app.Fragment$SavedState
android.support.v4.app.Fragment$SavedState: android.os.Parcelable$Creator CREATOR
android.support.v4.app.FragmentActivity
android.support.v4.app.FragmentActivity: FragmentActivity()
android.support.v4.app.FragmentManagerState
android.support.v4.app.FragmentManagerState: android.os.Parcelable$Creator CREATOR
android.support.v4.app.FragmentState
android.support.v4.app.FragmentState: android.os.Parcelable$Creator CREATOR
android.support.v4.content.ModernAsyncTask$Status: android.support.v4.content.ModernAsyncTask$Status[] values()
android.support.v4.content.ModernAsyncTask$Status: android.support.v4.content.ModernAsyncTask$Status valueOf(java.lang.String)
android.support.v4.view.PagerTabStrip
android.support.v4.view.PagerTabStrip: PagerTabStrip(android.content.Context,android.util.AttributeSet)
android.support.v4.view.PagerTitleStrip
android.support.v4.view.PagerTitleStrip: PagerTitleStrip(android.content.Context,android.util.AttributeSet)
android.support.v4.view.ViewPager
android.support.v4.view.ViewPager: ViewPager(android.content.Context)
android.support.v4.view.ViewPager: ViewPager(android.content.Context,android.util.AttributeSet)
android.support.v4.view.ViewPager$LayoutParams
android.support.v4.view.ViewPager$LayoutParams: ViewPager$LayoutParams(android.content.Context,android.util.AttributeSet)
android.support.v4.view.ViewPager$SavedState
android.support.v4.view.ViewPager$SavedState: android.os.Parcelable$Creator CREATOR
com.facebook.AccessToken: long serialVersionUID
com.facebook.AccessToken$SerializationProxyV1: long serialVersionUID
com.facebook.FacebookActivity
com.facebook.GraphObjectAdapter$SectionAndItem$Type: com.facebook.GraphObjectAdapter$SectionAndItem$Type[] values()
com.facebook.GraphObjectAdapter$SectionAndItem$Type: com.facebook.GraphObjectAdapter$SectionAndItem$Type valueOf(java.lang.String)
com.facebook.HttpMethod: com.facebook.HttpMethod[] values()
com.facebook.HttpMethod: com.facebook.HttpMethod valueOf(java.lang.String)
com.facebook.ImageResponseCache$Options: com.facebook.ImageResponseCache$Options[] values()
com.facebook.ImageResponseCache$Options: com.facebook.ImageResponseCache$Options valueOf(java.lang.String)
com.facebook.LoggingBehaviors: com.facebook.LoggingBehaviors[] values()
com.facebook.LoggingBehaviors: com.facebook.LoggingBehaviors valueOf(java.lang.String)
com.facebook.LoginActivity
com.facebook.LoginActivity: LoginActivity()
com.facebook.LoginButton
com.facebook.LoginButton: LoginButton(android.content.Context)
com.facebook.LoginButton: LoginButton(android.content.Context,android.util.AttributeSet)
com.facebook.LoginButton: LoginButton(android.content.Context,android.util.AttributeSet,int)
com.facebook.ProfilePictureView
com.facebook.ProfilePictureView: ProfilePictureView(android.content.Context,android.util.AttributeSet)
com.facebook.ProfilePictureView: ProfilePictureView(android.content.Context,android.util.AttributeSet,int)
com.facebook.Session: long serialVersionUID
com.facebook.Session$AuthorizationRequest: long serialVersionUID
com.facebook.Session$AuthorizationRequest$AuthRequestSerializationProxyV1: long serialVersionUID
com.facebook.Session$AuthorizationType: com.facebook.Session$AuthorizationType[] values()
com.facebook.Session$AuthorizationType: com.facebook.Session$AuthorizationType valueOf(java.lang.String)
com.facebook.Session$OpenRequest: long serialVersionUID
com.facebook.Session$ReauthorizeRequest: long serialVersionUID
com.facebook.Session$SerializationProxyV1: long serialVersionUID
com.facebook.SessionLoginBehavior: com.facebook.SessionLoginBehavior[] values()
com.facebook.SessionLoginBehavior: com.facebook.SessionLoginBehavior valueOf(java.lang.String)