android/proguard/mapping.txt
com.socmaps.ui.AccountSettingsActivity -> com.socmaps.ui.AccountSettingsActivity:
    android.content.Context context -> ag
    java.lang.String selectedUnit -> ah
    java.lang.String flag -> ai
    java.lang.String newPassword -> aj
    android.widget.EditText etEmail -> m
    android.widget.EditText etFirstName -> n
    android.widget.EditText etLastName -> o
    android.widget.EditText etUserName -> p
    android.widget.EditText etCity -> q
    android.widget.EditText etZipCode -> r
    android.widget.EditText etService -> s
    android.widget.EditText etStreetAddress -> t
    android.widget.EditText etBio -> u
    android.widget.EditText etInterest -> v
    android.widget.EditText etOldPass -> w
    android.widget.EditText etNewPass -> x
    android.widget.EditText etNewPassRetype -> y
    android.widget.ImageView ivProfilePicture -> z
    android.widget.Button btnUpdatePersonalInfo -> A
    android.widget.Button btnSelectDate -> B
    android.widget.Button btnChangePassword -> C
    android.widget.Button btnClearHistoryYes -> D
    android.widget.Button btnClearHistoryNo -> E
    android.widget.Button btnDeleteAccountYes -> F
    android.widget.Button btnDeleteAccountNo -> G
    android.widget.Button btnLogoutYes -> H
    android.widget.Button btnLogoutNo -> I
    android.widget.Spinner spRelationshipStatus -> J
    android.widget.Spinner spGender -> K
    android.widget.Spinner spCountry -> L
    android.widget.TextView tvDateOfBirth -> M
com.socmaps.ui.AccountSettingsActivity$1 -> com.socmaps.ui.a:
    com.socmaps.ui.AccountSettingsActivity this$0 -> a
    void onCheckedChanged(android.widget.RadioGroup,int) -> onCheckedChanged
com.socmaps.ui.AccountSettingsActivity$10 -> com.socmaps.ui.b:
    com.socmaps.ui.AccountSettingsActivity this$0 -> a
    void onCollapse(android.view.View,android.view.View) -> a
    void onExpand(android.view.View,android.view.View) -> b
com.socmaps.ui.AccountSettingsActivity$11 -> com.socmaps.ui.c:
    com.socmaps.ui.AccountSettingsActivity this$0 -> a
    void onCollapse(android.view.View,android.view.View) -> a
    void onExpand(android.view.View,android.view.View) -> b
com.socmaps.ui.AccountSettingsActivity$12 -> com.socmaps.ui.d:
    com.socmaps.ui.AccountSettingsActivity this$0 -> a
    void onCollapse(android.view.View,android.view.View) -> a
    void onExpand(android.view.View,android.view.View) -> b
com.socmaps.ui.AccountSettingsActivity$13 -> com.socmaps.ui.e:
    com.socmaps.ui.AccountSettingsActivity this$0 -> a
    void onCollapse(android.view.View,android.view.View) -> a
    void onExpand(android.view.View,android.view.View) -> b
com.socmaps.ui.AccountSettingsActivity$14 -> com.socmaps.ui.f:
    com.socmaps.ui.AccountSettingsActivity this$0 -> a
    void onDateSet(android.widget.DatePicker,int,int,int) -> onDateSet
com.socmaps.ui.AccountSettingsActivity$15 -> com.socmaps.ui.g:
    com.socmaps.ui.AccountSettingsActivity this$0 -> a
    java.lang.CharSequence[] val$items -> b
    void onClick(android.content.DialogInterface,int) -> onClick
com.socmaps.ui.AccountSettingsActivity$2 -> com.socmaps.ui.h:
    com.socmaps.ui.AccountSettingsActivity this$0 -> a
    void run() -> run
com.socmaps.ui.AccountSettingsActivity$3 -> com.socmaps.ui.i:
    com.socmaps.ui.AccountSettingsActivity this$0 -> a
    void run() -> run
com.socmaps.ui.AccountSettingsActivity$4 -> com.socmaps.ui.j:
    com.socmaps.ui.AccountSettingsActivity this$0 -> a
    void run() -> run
com.socmaps.ui.AccountSettingsActivity$5 -> com.socmaps.ui.k:
    com.socmaps.ui.AccountSettingsActivity this$0 -> a
    void run() -> run
com.socmaps.ui.AccountSettingsActivity$6 -> com.socmaps.ui.l:
    com.socmaps.ui.AccountSettingsActivity this$0 -> a
    void run() -> run
com.socmaps.ui.AccountSettingsActivity$7 -> com.socmaps.ui.m:
    com.socmaps.ui.AccountSettingsActivity this$0 -> a
    void run() -> run
...
com.facebook.android.Facebook$SetterTokenCache -> f.h:
    com.facebook.android.Facebook this$0 -> a
    android.os.Bundle load() -> a
    void save(android.os.Bundle) -> a
    void clear() -> b
com.facebook.android.FacebookError -> f.i:
    long serialVersionUID -> serialVersionUID
    int mErrorCode -> a
com.facebook.android.FbDialog -> f.j:
    float[] DIMENSIONS_DIFF_LANDSCAPE -> a
    float[] DIMENSIONS_DIFF_PORTRAIT -> b
    android.widget.FrameLayout$LayoutParams FILL -> c
    java.lang.String mUrl -> d
    com.facebook.android.Facebook$DialogListener mListener -> e
    android.app.ProgressDialog mSpinner -> f
    android.widget.ImageView mCrossImage -> g
    android.webkit.WebView mWebView -> h
    android.widget.FrameLayout mContent -> i
    void dismiss() -> dismiss
    void onCreate(android.os.Bundle) -> onCreate
    com.facebook.android.Facebook$DialogListener access$0(com.facebook.android.FbDialog) -> a
    android.app.ProgressDialog access$1(com.facebook.android.FbDialog) -> b
    android.widget.FrameLayout access$2(com.facebook.android.FbDialog) -> c
    android.webkit.WebView access$3(com.facebook.android.FbDialog) -> d
    android.widget.ImageView access$4(com.facebook.android.FbDialog) -> e
com.facebook.android.FbDialog$1 -> f.k:
    com.facebook.android.FbDialog this$0 -> a
    void onCancel(android.content.DialogInterface) -> onCancel
com.facebook.android.FbDialog$2 -> f.l:
    com.facebook.android.FbDialog this$0 -> a
    void onCancel(android.content.DialogInterface) -> onCancel
com.facebook.android.FbDialog$3 -> f.m:
    com.facebook.android.FbDialog this$0 -> a
    void onClick(android.view.View) -> onClick
com.facebook.android.FbDialog$FbWebViewClient -> f.n:
    com.facebook.android.FbDialog this$0 -> a
    boolean shouldOverrideUrlLoading(android.webkit.WebView,java.lang.String) -> shouldOverrideUrlLoading
    void onReceivedError(android.webkit.WebView,int,java.lang.String,java.lang.String) -> onReceivedError
    void onReceivedSslError(android.webkit.WebView,android.webkit.SslErrorHandler,android.net.http.SslError) -> onReceivedSslError
    void onPageStarted(android.webkit.WebView,java.lang.String,android.graphics.Bitmap) -> onPageStarted
    void onPageFinished(android.webkit.WebView,java.lang.String) -> onPageFinished
com.facebook.android.FbDialog$SingleDispatchDialogListener -> f.o:
    com.facebook.android.Facebook$DialogListener wrapped -> a
    boolean allowDispatch -> b
    void onComplete(android.os.Bundle) -> a
    void onFacebookError(com.facebook.android.FacebookError) -> a
    void onError(com.facebook.android.DialogError) -> a
    void onCancel() -> a_
    boolean checkAndSetDispatch$138603() -> b
com.facebook.android.R -> f.p:
com.facebook.android.R$color -> f.q:
    int com_facebook_loginview_text_color -> a
com.facebook.android.R$dimen -> f.r:
    int com_facebook_loginview_text_size -> a
    int com_facebook_loginview_padding_right -> b
    int com_facebook_profilepictureview_preset_size_normal -> c
    int com_facebook_profilepictureview_preset_size_small -> d
    int com_facebook_loginview_width -> e
    int com_facebook_loginview_padding_bottom -> f
    int com_facebook_loginview_height -> g
    int com_facebook_loginview_padding_left -> h
    int com_facebook_loginview_padding_top -> i
    int com_facebook_profilepictureview_preset_size_large -> j
com.facebook.android.R$drawable -> f.s:
    int com_facebook_profile_picture_blank_portrait -> a
    int com_facebook_profile_picture_blank_square -> b
    int com_facebook_close -> c
    int com_facebook_loginbutton_blue -> d
com.facebook.android.R$string -> f.t:
    int com_facebook_loginview_log_in_button -> a
    int com_facebook_loginview_logged_in_using_facebook -> b
    int com_facebook_loginview_logged_in_as -> c
    int com_facebook_loginview_log_out_action -> d
    int com_facebook_dialogloginactivity_ok_button -> e
    int com_facebook_loginview_log_out_button -> f
    int com_facebook_loginview_cancel_action -> g