android/proguard/usage.txt
com.socmaps.ui.AccountSettingsActivity:
    android.widget.DatePicker dpDateOfBirth
com.socmaps.ui.BuildConfig
com.socmaps.ui.EventDetailsActivity:
    int requestCode
com.socmaps.ui.EventEditActivity:
    java.util.Date eventDate
    android.widget.DatePicker eventDatePicker
com.socmaps.ui.EventListActivity:
    int requestCode
com.socmaps.ui.EventListActivity$ListArrayAdapter:
    436:437:private void setNotifyOnChange(boolean)
    451:451:public android.content.Context getContext()
    471:474:public int getPosition(com.socmaps.entity.Event)
    488:488:public java.util.List getObjects()
    500:501:public void setDropDownViewResource(int)
com.socmaps.ui.EventListActivityOther:
    int requestCode
    207:218:private void filterEvents(java.lang.String)
    221:235:private void filterPublicEvents()
com.socmaps.ui.EventListActivityOther$ListArrayAdapter:
    392:393:public void setNotifyOnChange(boolean)
    407:407:public android.content.Context getContext()
    422:422:public int getPosition(com.socmaps.entity.Event)
    435:435:public java.util.List getObjects()
    446:447:public void setDropDownViewResource(int)
com.socmaps.ui.EventNewActivity:
    java.util.Date eventDate
    android.widget.DatePicker eventDatePicker
com.socmaps.ui.FriendRequestNotificationActivity:
    422:440:private void ignoreFriendRequest(java.lang.String)
com.socmaps.ui.GCMIntentService:
    private static final java.lang.String TAG
com.socmaps.ui.GeoTagActivity:
    com.socmaps.widget.PermissionRadioGroup permissionRadioGroupView
com.socmaps.ui.HomeActivity:
    private int requestCode
    private android.widget.TextView tvMapView
    private android.widget.Button btnFBLogin
    private java.util.TimerTask task
    private java.util.Timer mapUpdateTimer
    1744:1760:private void facebookAuthentication()
    1783:1789:private void askForFacebookAccount()
    2272:2335:private void showSecondDegreePeoplePopUpDetails(com.socmaps.entity.SecondDegreePeople)
    2435:2461:private void showMessageDialog(com.socmaps.entity.People)
    2619:2636:private void sendMessage(java.lang.String,java.lang.String,java.lang.String)
    2884:2892:private void doSearch()
    2954:2991:private void showFirstTimeDialog()
    3009:3010:public void onLogoutBegin()
    3015:3020:public void onLogoutFinish()
    2617:2617:static synthetic void access$65(com.socmaps.ui.HomeActivity,java.lang.String,java.lang.String,java.lang.String)
    158:158:static synthetic android.app.Dialog access$66(com.socmaps.ui.HomeActivity)
    220:220:static synthetic android.app.Dialog access$67(com.socmaps.ui.HomeActivity)
com.socmaps.ui.HomeActivity$40
com.socmaps.ui.HomeActivity$41
com.socmaps.ui.HomeActivity$42
com.socmaps.ui.HomeActivity$48
com.socmaps.ui.HomeActivity$49
com.socmaps.ui.HomeActivity$50
com.socmaps.ui.HomeActivity$51
com.socmaps.ui.HomeActivity$FetchImageTask
com.socmaps.ui.InformationAdapter
com.socmaps.ui.InformationAdapter$InformationHolder
com.socmaps.ui.InformationSharingSettingsActivity:
    android.widget.Button btnSave
    android.widget.CheckBox chkFirstName
    android.widget.CheckBox chkLastName
    android.widget.CheckBox chkUserName
    android.widget.CheckBox chkEmail
    android.widget.CheckBox chkProfilePicture
    android.widget.CheckBox chkDateOfBirth
    android.widget.CheckBox chkBiography
    android.widget.CheckBox chkStreetAddres
    android.widget.CheckBox chkCity
    android.widget.CheckBox chkZIPCode
    android.widget.CheckBox chkCountry
    android.widget.CheckBox chkService
    android.widget.CheckBox chkRelationshipStatus
com.socmaps.ui.LayerPreferencesActivity:
    android.widget.CheckBox chkWikipedia
    android.widget.CheckBox chkTripAdvisor
    android.widget.CheckBox chkFoodspotting
    int requestCode
...
com.socmaps.util.Data
com.socmaps.util.DialogsAndToasts:
    17:17:public DialogsAndToasts()
    79:85:public static android.app.Dialog showSendMessage(android.content.Context)
com.socmaps.util.PreferenceConnector:
    public static final java.lang.String PREF_NAME
    public static final int MODE
    12:12:public PreferenceConnector()
    57:58:public static void writeInteger(android.content.Context,java.lang.String,int)
    72:72:public static int readInteger(android.content.Context,java.lang.String,int)
    115:116:public static void writeFloat(android.content.Context,java.lang.String,float)
    130:130:public static float readFloat(android.content.Context,java.lang.String,float)
com.socmaps.util.RestClient:
    76:76:public java.lang.String getErrorMessage()
    304:305:public void setSocketTimeout(int)
com.socmaps.util.ServerResponseParser:
    private static final java.lang.String JSON_RECIPIENTS
    46:46:public ServerResponseParser()
    2148:2153:private static com.google.android.gms.maps.model.LatLng getLatLngFromJSON(org.json.JSONObject)
    2564:2573:public static com.socmaps.entity.Plan parseGetPlanDetailsResult(java.lang.String)
com.socmaps.util.SharedPreferencesHelper:
    34:34:public java.lang.String getString(java.lang.String,java.lang.String)
    38:41:public com.socmaps.util.SharedPreferencesHelper setString(java.lang.String,java.lang.String)
    45:45:public int getInt(java.lang.String,int)
    49:52:public com.socmaps.util.SharedPreferencesHelper setInt(java.lang.String,int)
com.socmaps.util.StaticValues:
    18:18:public StaticValues()
com.socmaps.util.Utility:
    private static final double metricDivisor
    private static final double imperialDivisor
    91:91:public Utility()
    198:225:public static java.lang.String getItemImageUrl(java.lang.Object)
    633:641:public static boolean isServiceRunning(java.lang.String,android.content.Context)
    656:674:public static java.lang.String toMD5Hash(java.lang.String)
    707:709:public static java.lang.String getdate()
    732:734:public static java.lang.String getdate(java.lang.String)
    768:779:public static int calculateAge(int,int,int)
    964:964:public static boolean isBetaAuthenticated(android.content.Context)
    1051:1053:public static void setPassword(java.lang.String,android.content.Context)
    1096:1097:public static void setFacebookInvitationDisplayStatus(android.content.Context,boolean)
    1109:1109:public static boolean getFacebookInvitationDisplayStatus(android.content.Context)
    1137:1159:public static android.graphics.Bitmap getThumbnail(android.content.Context,android.net.Uri,int)
    1163:1167:private static int getPowerOfTwoForSampleRatio(double)
    1243:1272:public static android.graphics.Bitmap loadBitmapFromURL(java.lang.String)
    1287:1292:public static android.graphics.drawable.Drawable drawableFromUrl(java.lang.String)
    1334:1372:public static java.util.List getPeopleListFromFriendsAndCircles(java.util.HashMap,java.util.HashMap)
com.socmaps.util.Utility$1
com.socmaps.util.Utility$2
com.socmaps.widget.AlluserFriendsOnlyRadioGroup:
    48:49:public AlluserFriendsOnlyRadioGroup(android.content.Context,com.socmaps.widget.OnlineOfflineRadioGroupListener)
com.socmaps.widget.DateTimePicker:
    201:201:private long getDateTimeMillis()
    223:223:public boolean is24HourView()
com.socmaps.widget.ExpandablePanel:
    99:100:public void setCollapsedHeight(int)
    108:109:public void setAnimationDuration(int)
    189:197:private void showPanel()
com.socmaps.widget.ListComparator:
    25:27:public ListComparator(com.google.android.gms.maps.model.LatLng)